[35m[1mScanning dependencies of target rf_msgs_generate_messages_py[0m
[35m[1mScanning dependencies of target geometry_msgs_generate_messages_eus[0m
[35m[1mScanning dependencies of target rf_msgs_generate_messages_cpp[0m
[35m[1mScanning dependencies of target rf_msgs_generate_messages_eus[0m
[35m[1mScanning dependencies of target rosgraph_msgs_generate_messages_cpp[0m
[35m[1mScanning dependencies of target rosgraph_msgs_generate_messages_eus[0m
[35m[1mScanning dependencies of target rf_msgs_generate_messages_lisp[0m
[  0%] Built target rf_msgs_generate_messages_cpp
[  0%] Built target geometry_msgs_generate_messages_eus
[  0%] Built target rosgraph_msgs_generate_messages_cpp
[  0%] Built target rf_msgs_generate_messages_eus
[  0%] Built target rf_msgs_generate_messages_py
[  0%] Built target rosgraph_msgs_generate_messages_eus
[  0%] Built target rf_msgs_generate_messages_lisp
[35m[1mScanning dependencies of target std_msgs_generate_messages_eus[0m
[35m[1mScanning dependencies of target roscpp_generate_messages_nodejs[0m
[35m[1mScanning dependencies of target geometry_msgs_generate_messages_lisp[0m
[35m[1mScanning dependencies of target geometry_msgs_generate_messages_cpp[0m
[35m[1mScanning dependencies of target sensor_msgs_generate_messages_py[0m
[35m[1mScanning dependencies of target geometry_msgs_generate_messages_nodejs[0m
[35m[1mScanning dependencies of target geometry_msgs_generate_messages_py[0m
[  0%] Built target std_msgs_generate_messages_eus
[  0%] Built target roscpp_generate_messages_nodejs
[  0%] Built target geometry_msgs_generate_messages_lisp
[  0%] Built target geometry_msgs_generate_messages_cpp
[  0%] Built target sensor_msgs_generate_messages_py
[  0%] Built target geometry_msgs_generate_messages_py
[35m[1mScanning dependencies of target _wiros_csi_node_generate_messages_check_deps_ConfigureCSI[0m
[  0%] Built target geometry_msgs_generate_messages_nodejs
[35m[1mScanning dependencies of target sensor_msgs_generate_messages_lisp[0m
[35m[1mScanning dependencies of target std_msgs_generate_messages_cpp[0m
[35m[1mScanning dependencies of target sensor_msgs_generate_messages_nodejs[0m
[35m[1mScanning dependencies of target roscpp_generate_messages_cpp[0m
[35m[1mScanning dependencies of target roscpp_generate_messages_eus[0m
[35m[1mScanning dependencies of target roscpp_generate_messages_py[0m
[  0%] Built target sensor_msgs_generate_messages_lisp
[  0%] Built target sensor_msgs_generate_messages_nodejs
[  0%] Built target roscpp_generate_messages_cpp
[  0%] Built target roscpp_generate_messages_eus
[  0%] Built target roscpp_generate_messages_py
[  0%] Built target std_msgs_generate_messages_cpp
[35m[1mScanning dependencies of target sensor_msgs_generate_messages_eus[0m
[35m[1mScanning dependencies of target rosgraph_msgs_generate_messages_py[0m
[35m[1mScanning dependencies of target rf_msgs_generate_messages_nodejs[0m
[35m[1mScanning dependencies of target std_msgs_generate_messages_lisp[0m
[35m[1mScanning dependencies of target roscpp_generate_messages_lisp[0m
[35m[1mScanning dependencies of target rosgraph_msgs_generate_messages_lisp[0m
[  0%] Built target _wiros_csi_node_generate_messages_check_deps_ConfigureCSI
[  0%] Built target rosgraph_msgs_generate_messages_py
[  0%] Built target rf_msgs_generate_messages_nodejs
[  0%] Built target sensor_msgs_generate_messages_eus
[  0%] Built target roscpp_generate_messages_lisp
[  0%] Built target std_msgs_generate_messages_lisp
[  0%] Built target rosgraph_msgs_generate_messages_lisp
[35m[1mScanning dependencies of target std_msgs_generate_messages_nodejs[0m
[35m[1mScanning dependencies of target std_msgs_generate_messages_py[0m
[35m[1mScanning dependencies of target rosgraph_msgs_generate_messages_nodejs[0m
[35m[1mScanning dependencies of target wiros_csi_node_generate_messages_eus[0m
[35m[1mScanning dependencies of target sensor_msgs_generate_messages_cpp[0m
[35m[1mScanning dependencies of target wiros_csi_node_generate_messages_cpp[0m
[  9%] [34m[1mGenerating EusLisp code from wiros_csi_node/ConfigureCSI.srv[0m
[  9%] Built target std_msgs_generate_messages_nodejs
[35m[1mScanning dependencies of target wiros_csi_node_generate_messages_lisp[0m
[  9%] Built target rosgraph_msgs_generate_messages_nodejs
[  9%] Built target sensor_msgs_generate_messages_cpp
[ 18%] [34m[1mGenerating EusLisp manifest code for wiros_csi_node[0m
[ 36%] [34m[1mGenerating Lisp code from wiros_csi_node/ConfigureCSI.srv[0m
[ 36%] [34m[1mGenerating C++ code from wiros_csi_node/ConfigureCSI.srv[0m
[ 36%] Built target std_msgs_generate_messages_py
[35m[1mScanning dependencies of target wiros_csi_node_generate_messages_nodejs[0m
[35m[1mScanning dependencies of target wiros_csi_node_generate_messages_py[0m
[ 45%] [34m[1mGenerating Javascript code from wiros_csi_node/ConfigureCSI.srv[0m
[ 54%] [34m[1mGenerating Python code from SRV wiros_csi_node/ConfigureCSI[0m
[ 54%] Built target wiros_csi_node_generate_messages_lisp
[ 54%] Built target wiros_csi_node_generate_messages_nodejs
[ 54%] Built target wiros_csi_node_generate_messages_cpp
[35m[1mScanning dependencies of target ap_scanner[0m
[35m[1mScanning dependencies of target csi_node[0m
[ 63%] [34m[1mGenerating Python srv __init__.py for wiros_csi_node[0m
[ 72%] [32mBuilding CXX object CMakeFiles/csi_node.dir/src/nexcsiserver.cpp.o[0m
[ 81%] [32mBuilding CXX object CMakeFiles/ap_scanner.dir/src/apscanner.cpp.o[0m
[ 81%] Built target wiros_csi_node_generate_messages_py
[ 81%] Built target wiros_csi_node_generate_messages_eus
[35m[1mScanning dependencies of target wiros_csi_node_generate_messages[0m
[ 81%] Built target wiros_csi_node_generate_messages
[ 90%] [32m[1mLinking CXX executable /home/wcsng-robot/ipsn_ws/devel/.private/wiros_csi_node/lib/wiros_csi_node/ap_scanner[0m
[ 90%] Built target ap_scanner
[100%] [32m[1mLinking CXX executable /home/wcsng-robot/ipsn_ws/devel/.private/wiros_csi_node/lib/wiros_csi_node/csi_node[0m
[100%] Built target csi_node
