[  0%] Built target geometry_msgs_generate_messages_eus
[  0%] Built target rf_msgs_generate_messages_cpp
[  0%] Built target rf_msgs_generate_messages_py
[  0%] Built target rosgraph_msgs_generate_messages_cpp
[  0%] Built target rosgraph_msgs_generate_messages_eus
[  0%] Built target rf_msgs_generate_messages_eus
[  0%] Built target rf_msgs_generate_messages_lisp
[  0%] Built target roscpp_generate_messages_nodejs
[  0%] Built target std_msgs_generate_messages_eus
[  0%] Built target geometry_msgs_generate_messages_cpp
[  0%] Built target geometry_msgs_generate_messages_py
[  0%] Built target geometry_msgs_generate_messages_nodejs
[  0%] Built target geometry_msgs_generate_messages_lisp
[  0%] Built target sensor_msgs_generate_messages_py
[  0%] Built target std_msgs_generate_messages_cpp
[  0%] Built target roscpp_generate_messages_eus
[  0%] Built target sensor_msgs_generate_messages_nodejs
[  0%] Built target roscpp_generate_messages_py
[  0%] Built target sensor_msgs_generate_messages_lisp
[  0%] Built target roscpp_generate_messages_cpp
[  0%] Built target sensor_msgs_generate_messages_eus
[  0%] Built target rosgraph_msgs_generate_messages_py
[  0%] Built target rosgraph_msgs_generate_messages_lisp
[  0%] Built target std_msgs_generate_messages_lisp
[  0%] Built target rf_msgs_generate_messages_nodejs
[  0%] Built target roscpp_generate_messages_lisp
[  0%] Built target rosgraph_msgs_generate_messages_nodejs
[  0%] Built target sensor_msgs_generate_messages_cpp
[  0%] Built target std_msgs_generate_messages_py
[  0%] Built target std_msgs_generate_messages_nodejs
[  0%] Built target _wiros_csi_node_generate_messages_check_deps_ConfigureCSI
[  9%] Built target wiros_csi_node_generate_messages_lisp
[ 27%] Built target wiros_csi_node_generate_messages_py
[ 36%] Built target wiros_csi_node_generate_messages_cpp
[ 45%] Built target wiros_csi_node_generate_messages_nodejs
[ 63%] Built target wiros_csi_node_generate_messages_eus
[100%] Built target ap_scanner
[100%] Built target csi_node
[100%] Built target wiros_csi_node_generate_messages
