Symlinking /home/wcsng-robot/ipsn_ws/devel/lib/wiros_csi_node/cmake.lock
Symlinking /home/wcsng-robot/ipsn_ws/devel/lib/wiros_csi_node/ap_scanner
Symlinking /home/wcsng-robot/ipsn_ws/devel/lib/wiros_csi_node/csi_node
Symlinking /home/wcsng-robot/ipsn_ws/devel/lib/wiros_csi_node/csi_rosbag_info.py
Symlinking /home/wcsng-robot/ipsn_ws/devel/lib/pkgconfig/wiros_csi_node.pc
Symlinking /home/wcsng-robot/ipsn_ws/devel/lib/python3/dist-packages/wiros_csi_node/__init__.py
Symlinking /home/wcsng-robot/ipsn_ws/devel/lib/python3/dist-packages/wiros_csi_node/srv/_ConfigureCSI.py
Symlinking /home/wcsng-robot/ipsn_ws/devel/lib/python3/dist-packages/wiros_csi_node/srv/__init__.py
Symlinking /home/wcsng-robot/ipsn_ws/devel/include/wiros_csi_node/ConfigureCSIRequest.h
Symlinking /home/wcsng-robot/ipsn_ws/devel/include/wiros_csi_node/ConfigureCSIResponse.h
Symlinking /home/wcsng-robot/ipsn_ws/devel/include/wiros_csi_node/ConfigureCSI.h
Symlinking /home/wcsng-robot/ipsn_ws/devel/share/wiros_csi_node/cmake/wiros_csi_node-msg-extras.cmake
Symlinking /home/wcsng-robot/ipsn_ws/devel/share/wiros_csi_node/cmake/wiros_csi_node-msg-paths.cmake
Symlinking /home/wcsng-robot/ipsn_ws/devel/share/wiros_csi_node/cmake/wiros_csi_nodeConfig.cmake
Symlinking /home/wcsng-robot/ipsn_ws/devel/share/wiros_csi_node/cmake/wiros_csi_nodeConfig-version.cmake
Symlinking /home/wcsng-robot/ipsn_ws/devel/share/roseus/ros/wiros_csi_node/manifest.l
Symlinking /home/wcsng-robot/ipsn_ws/devel/share/roseus/ros/wiros_csi_node/srv/ConfigureCSI.l
Symlinking /home/wcsng-robot/ipsn_ws/devel/share/common-lisp/ros/wiros_csi_node/srv/_package.lisp
Symlinking /home/wcsng-robot/ipsn_ws/devel/share/common-lisp/ros/wiros_csi_node/srv/_package_ConfigureCSI.lisp
Symlinking /home/wcsng-robot/ipsn_ws/devel/share/common-lisp/ros/wiros_csi_node/srv/wiros_csi_node-srv.asd
Symlinking /home/wcsng-robot/ipsn_ws/devel/share/common-lisp/ros/wiros_csi_node/srv/ConfigureCSI.lisp
Symlinking /home/wcsng-robot/ipsn_ws/devel/share/gennodejs/ros/wiros_csi_node/_index.js
Symlinking /home/wcsng-robot/ipsn_ws/devel/share/gennodejs/ros/wiros_csi_node/srv/ConfigureCSI.js
Symlinking /home/wcsng-robot/ipsn_ws/devel/share/gennodejs/ros/wiros_csi_node/srv/_index.js
