Linked: (/home/wcsng-robot/ipsn_ws/devel/.private/csi_tools/lib/csi_tools/cmake.lock, /home/wcsng-robot/ipsn_ws/devel/lib/csi_tools/cmake.lock)
Linked: (/home/wcsng-robot/ipsn_ws/devel/.private/csi_tools/lib/csi_tools/aoa_node.py, /home/wcsng-robot/ipsn_ws/devel/lib/csi_tools/aoa_node.py)
Linked: (/home/wcsng-robot/ipsn_ws/devel/.private/csi_tools/lib/csi_tools/generate_static_compensation.py, /home/wcsng-robot/ipsn_ws/devel/lib/csi_tools/generate_static_compensation.py)
Linked: (/home/wcsng-robot/ipsn_ws/devel/.private/csi_tools/lib/pkgconfig/csi_tools.pc, /home/wcsng-robot/ipsn_ws/devel/lib/pkgconfig/csi_tools.pc)
Linked: (/home/wcsng-robot/ipsn_ws/devel/.private/csi_tools/lib/python3/dist-packages/csi_tools/__init__.py, /home/wcsng-robot/ipsn_ws/devel/lib/python3/dist-packages/csi_tools/__init__.py)
Linked: (/home/wcsng-robot/ipsn_ws/devel/.private/csi_tools/lib/python3/dist-packages/csi_tools/srv/_SaveChannel.py, /home/wcsng-robot/ipsn_ws/devel/lib/python3/dist-packages/csi_tools/srv/_SaveChannel.py)
Linked: (/home/wcsng-robot/ipsn_ws/devel/.private/csi_tools/lib/python3/dist-packages/csi_tools/srv/__init__.py, /home/wcsng-robot/ipsn_ws/devel/lib/python3/dist-packages/csi_tools/srv/__init__.py)
Linked: (/home/wcsng-robot/ipsn_ws/devel/.private/csi_tools/lib/python3/dist-packages/csi_utils/__init__.py, /home/wcsng-robot/ipsn_ws/devel/lib/python3/dist-packages/csi_utils/__init__.py)
Linked: (/home/wcsng-robot/ipsn_ws/devel/.private/csi_tools/include/csi_tools/SaveChannel.h, /home/wcsng-robot/ipsn_ws/devel/include/csi_tools/SaveChannel.h)
Linked: (/home/wcsng-robot/ipsn_ws/devel/.private/csi_tools/include/csi_tools/SaveChannelRequest.h, /home/wcsng-robot/ipsn_ws/devel/include/csi_tools/SaveChannelRequest.h)
Linked: (/home/wcsng-robot/ipsn_ws/devel/.private/csi_tools/include/csi_tools/SaveChannelResponse.h, /home/wcsng-robot/ipsn_ws/devel/include/csi_tools/SaveChannelResponse.h)
Linked: (/home/wcsng-robot/ipsn_ws/devel/.private/csi_tools/share/roseus/ros/csi_tools/manifest.l, /home/wcsng-robot/ipsn_ws/devel/share/roseus/ros/csi_tools/manifest.l)
Linked: (/home/wcsng-robot/ipsn_ws/devel/.private/csi_tools/share/roseus/ros/csi_tools/srv/SaveChannel.l, /home/wcsng-robot/ipsn_ws/devel/share/roseus/ros/csi_tools/srv/SaveChannel.l)
Linked: (/home/wcsng-robot/ipsn_ws/devel/.private/csi_tools/share/common-lisp/ros/csi_tools/srv/_package.lisp, /home/wcsng-robot/ipsn_ws/devel/share/common-lisp/ros/csi_tools/srv/_package.lisp)
Linked: (/home/wcsng-robot/ipsn_ws/devel/.private/csi_tools/share/common-lisp/ros/csi_tools/srv/SaveChannel.lisp, /home/wcsng-robot/ipsn_ws/devel/share/common-lisp/ros/csi_tools/srv/SaveChannel.lisp)
Linked: (/home/wcsng-robot/ipsn_ws/devel/.private/csi_tools/share/common-lisp/ros/csi_tools/srv/_package_SaveChannel.lisp, /home/wcsng-robot/ipsn_ws/devel/share/common-lisp/ros/csi_tools/srv/_package_SaveChannel.lisp)
Linked: (/home/wcsng-robot/ipsn_ws/devel/.private/csi_tools/share/common-lisp/ros/csi_tools/srv/csi_tools-srv.asd, /home/wcsng-robot/ipsn_ws/devel/share/common-lisp/ros/csi_tools/srv/csi_tools-srv.asd)
Linked: (/home/wcsng-robot/ipsn_ws/devel/.private/csi_tools/share/csi_tools/cmake/csi_toolsConfig-version.cmake, /home/wcsng-robot/ipsn_ws/devel/share/csi_tools/cmake/csi_toolsConfig-version.cmake)
Linked: (/home/wcsng-robot/ipsn_ws/devel/.private/csi_tools/share/csi_tools/cmake/csi_tools-msg-paths.cmake, /home/wcsng-robot/ipsn_ws/devel/share/csi_tools/cmake/csi_tools-msg-paths.cmake)
Linked: (/home/wcsng-robot/ipsn_ws/devel/.private/csi_tools/share/csi_tools/cmake/csi_toolsConfig.cmake, /home/wcsng-robot/ipsn_ws/devel/share/csi_tools/cmake/csi_toolsConfig.cmake)
Linked: (/home/wcsng-robot/ipsn_ws/devel/.private/csi_tools/share/csi_tools/cmake/csi_tools-msg-extras.cmake, /home/wcsng-robot/ipsn_ws/devel/share/csi_tools/cmake/csi_tools-msg-extras.cmake)
Linked: (/home/wcsng-robot/ipsn_ws/devel/.private/csi_tools/share/gennodejs/ros/csi_tools/_index.js, /home/wcsng-robot/ipsn_ws/devel/share/gennodejs/ros/csi_tools/_index.js)
Linked: (/home/wcsng-robot/ipsn_ws/devel/.private/csi_tools/share/gennodejs/ros/csi_tools/srv/SaveChannel.js, /home/wcsng-robot/ipsn_ws/devel/share/gennodejs/ros/csi_tools/srv/SaveChannel.js)
Linked: (/home/wcsng-robot/ipsn_ws/devel/.private/csi_tools/share/gennodejs/ros/csi_tools/srv/_index.js, /home/wcsng-robot/ipsn_ws/devel/share/gennodejs/ros/csi_tools/srv/_index.js)
