Symlinking /home/wcsng-robot/ipsn_ws/devel/lib/csi_tools/cmake.lock
Symlinking /home/wcsng-robot/ipsn_ws/devel/lib/csi_tools/aoa_node.py
Symlinking /home/wcsng-robot/ipsn_ws/devel/lib/csi_tools/generate_static_compensation.py
Symlinking /home/wcsng-robot/ipsn_ws/devel/lib/pkgconfig/csi_tools.pc
Symlinking /home/wcsng-robot/ipsn_ws/devel/lib/python3/dist-packages/csi_tools/__init__.py
Symlinking /home/wcsng-robot/ipsn_ws/devel/lib/python3/dist-packages/csi_tools/srv/_SaveChannel.py
Symlinking /home/wcsng-robot/ipsn_ws/devel/lib/python3/dist-packages/csi_tools/srv/__init__.py
Symlinking /home/wcsng-robot/ipsn_ws/devel/lib/python3/dist-packages/csi_utils/__init__.py
Symlinking /home/wcsng-robot/ipsn_ws/devel/include/csi_tools/SaveChannel.h
Symlinking /home/wcsng-robot/ipsn_ws/devel/include/csi_tools/SaveChannelRequest.h
Symlinking /home/wcsng-robot/ipsn_ws/devel/include/csi_tools/SaveChannelResponse.h
Symlinking /home/wcsng-robot/ipsn_ws/devel/share/roseus/ros/csi_tools/manifest.l
Symlinking /home/wcsng-robot/ipsn_ws/devel/share/roseus/ros/csi_tools/srv/SaveChannel.l
Symlinking /home/wcsng-robot/ipsn_ws/devel/share/common-lisp/ros/csi_tools/srv/_package.lisp
Symlinking /home/wcsng-robot/ipsn_ws/devel/share/common-lisp/ros/csi_tools/srv/SaveChannel.lisp
Symlinking /home/wcsng-robot/ipsn_ws/devel/share/common-lisp/ros/csi_tools/srv/_package_SaveChannel.lisp
Symlinking /home/wcsng-robot/ipsn_ws/devel/share/common-lisp/ros/csi_tools/srv/csi_tools-srv.asd
Symlinking /home/wcsng-robot/ipsn_ws/devel/share/csi_tools/cmake/csi_toolsConfig-version.cmake
Symlinking /home/wcsng-robot/ipsn_ws/devel/share/csi_tools/cmake/csi_tools-msg-paths.cmake
Symlinking /home/wcsng-robot/ipsn_ws/devel/share/csi_tools/cmake/csi_toolsConfig.cmake
Symlinking /home/wcsng-robot/ipsn_ws/devel/share/csi_tools/cmake/csi_tools-msg-extras.cmake
Symlinking /home/wcsng-robot/ipsn_ws/devel/share/gennodejs/ros/csi_tools/_index.js
Symlinking /home/wcsng-robot/ipsn_ws/devel/share/gennodejs/ros/csi_tools/srv/SaveChannel.js
Symlinking /home/wcsng-robot/ipsn_ws/devel/share/gennodejs/ros/csi_tools/srv/_index.js
