[35m[1mScanning dependencies of target _csi_tools_generate_messages_check_deps_SaveChannel[0m
[35m[1mScanning dependencies of target std_msgs_generate_messages_lisp[0m
[35m[1mScanning dependencies of target std_msgs_generate_messages_py[0m
[35m[1mScanning dependencies of target std_msgs_generate_messages_nodejs[0m
[  0%] Built target std_msgs_generate_messages_py
[35m[1mScanning dependencies of target std_msgs_generate_messages_cpp[0m
[  0%] Built target std_msgs_generate_messages_nodejs
[  0%] Built target std_msgs_generate_messages_cpp
[35m[1mScanning dependencies of target std_msgs_generate_messages_eus[0m
[  0%] Built target std_msgs_generate_messages_lisp
[  0%] Built target std_msgs_generate_messages_eus
[  0%] Built target _csi_tools_generate_messages_check_deps_SaveChannel
[35m[1mScanning dependencies of target csi_tools_generate_messages_lisp[0m
[35m[1mScanning dependencies of target csi_tools_generate_messages_cpp[0m
[35m[1mScanning dependencies of target csi_tools_generate_messages_nodejs[0m
[35m[1mScanning dependencies of target csi_tools_generate_messages_py[0m
[ 14%] [34m[1mGenerating C++ code from csi_tools/SaveChannel.srv[0m
[35m[1mScanning dependencies of target csi_tools_generate_messages_eus[0m
[ 28%] [34m[1mGenerating Python code from SRV csi_tools/SaveChannel[0m
[ 42%] [34m[1mGenerating Javascript code from csi_tools/SaveChannel.srv[0m
[ 57%] [34m[1mGenerating EusLisp code from csi_tools/SaveChannel.srv[0m
[ 71%] [34m[1mGenerating Lisp code from csi_tools/SaveChannel.srv[0m
[ 71%] Built target csi_tools_generate_messages_nodejs
[ 85%] [34m[1mGenerating EusLisp manifest code for csi_tools[0m
[ 85%] Built target csi_tools_generate_messages_lisp
[100%] [34m[1mGenerating Python srv __init__.py for csi_tools[0m
[100%] Built target csi_tools_generate_messages_cpp
[100%] Built target csi_tools_generate_messages_py
[100%] Built target csi_tools_generate_messages_eus
[35m[1mScanning dependencies of target csi_tools_generate_messages[0m
[100%] Built target csi_tools_generate_messages
