[35m[1mScanning dependencies of target _rf_msgs_generate_messages_check_deps_AccessPoints[0m
[35m[1mScanning dependencies of target std_msgs_generate_messages_py[0m
[35m[1mScanning dependencies of target std_msgs_generate_messages_cpp[0m
[35m[1mScanning dependencies of target _rf_msgs_generate_messages_check_deps_Station[0m
[35m[1mScanning dependencies of target std_msgs_generate_messages_eus[0m
[35m[1mScanning dependencies of target _rf_msgs_generate_messages_check_deps_Wifi[0m
[35m[1mScanning dependencies of target _rf_msgs_generate_messages_check_deps_Bearing[0m
[35m[1mScanning dependencies of target std_msgs_generate_messages_lisp[0m
[  0%] Built target std_msgs_generate_messages_py
[  0%] Built target std_msgs_generate_messages_cpp
[  0%] Built target std_msgs_generate_messages_eus
[  0%] Built target std_msgs_generate_messages_lisp
[35m[1mScanning dependencies of target std_msgs_generate_messages_nodejs[0m
[  0%] Built target std_msgs_generate_messages_nodejs
[  0%] Built target _rf_msgs_generate_messages_check_deps_Wifi
[  0%] Built target _rf_msgs_generate_messages_check_deps_AccessPoints
[  0%] Built target _rf_msgs_generate_messages_check_deps_Station
[  0%] Built target _rf_msgs_generate_messages_check_deps_Bearing
[35m[1mScanning dependencies of target rf_msgs_generate_messages_py[0m
[35m[1mScanning dependencies of target rf_msgs_generate_messages_lisp[0m
[35m[1mScanning dependencies of target rf_msgs_generate_messages_eus[0m
[35m[1mScanning dependencies of target rf_msgs_generate_messages_cpp[0m
[35m[1mScanning dependencies of target rf_msgs_generate_messages_nodejs[0m
[ 13%] [34m[1mGenerating Lisp code from rf_msgs/AccessPoints.msg[0m
[ 13%] [34m[1mGenerating Lisp code from rf_msgs/Wifi.msg[0m
[ 13%] [34m[1mGenerating Lisp code from rf_msgs/Bearing.msg[0m
[ 27%] [34m[1mGenerating EusLisp code from rf_msgs/Wifi.msg[0m
[ 27%] [34m[1mGenerating C++ code from rf_msgs/Wifi.msg[0m
[ 27%] [34m[1mGenerating Javascript code from rf_msgs/Wifi.msg[0m
[ 31%] [34m[1mGenerating Python from MSG rf_msgs/Wifi[0m
[ 36%] [34m[1mGenerating Lisp code from rf_msgs/Station.msg[0m
[ 40%] [34m[1mGenerating Javascript code from rf_msgs/Bearing.msg[0m
[ 45%] [34m[1mGenerating Python from MSG rf_msgs/Bearing[0m
[ 50%] [34m[1mGenerating Javascript code from rf_msgs/AccessPoints.msg[0m
[ 54%] [34m[1mGenerating Javascript code from rf_msgs/Station.msg[0m
[ 59%] [34m[1mGenerating EusLisp code from rf_msgs/Bearing.msg[0m
[ 59%] Built target rf_msgs_generate_messages_lisp
[ 63%] [34m[1mGenerating C++ code from rf_msgs/Bearing.msg[0m
[ 68%] [34m[1mGenerating C++ code from rf_msgs/AccessPoints.msg[0m
[ 72%] [34m[1mGenerating C++ code from rf_msgs/Station.msg[0m
[ 72%] Built target rf_msgs_generate_messages_nodejs
[ 77%] [34m[1mGenerating EusLisp code from rf_msgs/AccessPoints.msg[0m
[ 81%] [34m[1mGenerating EusLisp code from rf_msgs/Station.msg[0m
[ 86%] [34m[1mGenerating EusLisp manifest code for rf_msgs[0m
[ 90%] [34m[1mGenerating Python from MSG rf_msgs/AccessPoints[0m
[ 95%] [34m[1mGenerating Python from MSG rf_msgs/Station[0m
[ 95%] Built target rf_msgs_generate_messages_cpp
[100%] [34m[1mGenerating Python msg __init__.py for rf_msgs[0m
[100%] Built target rf_msgs_generate_messages_py
[100%] Built target rf_msgs_generate_messages_eus
[35m[1mScanning dependencies of target rf_msgs_generate_messages[0m
[100%] Built target rf_msgs_generate_messages
