Symlinking /home/wcsng-robot/ipsn_ws/devel/lib/pkgconfig/rf_msgs.pc
Symlinking /home/wcsng-robot/ipsn_ws/devel/lib/python3/dist-packages/rf_msgs/__init__.py
Symlinking /home/wcsng-robot/ipsn_ws/devel/lib/python3/dist-packages/rf_msgs/msg/_Station.py
Symlinking /home/wcsng-robot/ipsn_ws/devel/lib/python3/dist-packages/rf_msgs/msg/_Bearing.py
Symlinking /home/wcsng-robot/ipsn_ws/devel/lib/python3/dist-packages/rf_msgs/msg/_Wifi.py
Symlinking /home/wcsng-robot/ipsn_ws/devel/lib/python3/dist-packages/rf_msgs/msg/__init__.py
Symlinking /home/wcsng-robot/ipsn_ws/devel/lib/python3/dist-packages/rf_msgs/msg/_AccessPoints.py
Symlinking /home/wcsng-robot/ipsn_ws/devel/include/rf_msgs/Bearing.h
Symlinking /home/wcsng-robot/ipsn_ws/devel/include/rf_msgs/Wifi.h
Symlinking /home/wcsng-robot/ipsn_ws/devel/include/rf_msgs/Station.h
Symlinking /home/wcsng-robot/ipsn_ws/devel/include/rf_msgs/AccessPoints.h
Symlinking /home/wcsng-robot/ipsn_ws/devel/share/roseus/ros/rf_msgs/manifest.l
Symlinking /home/wcsng-robot/ipsn_ws/devel/share/roseus/ros/rf_msgs/msg/Wifi.l
Symlinking /home/wcsng-robot/ipsn_ws/devel/share/roseus/ros/rf_msgs/msg/Station.l
Symlinking /home/wcsng-robot/ipsn_ws/devel/share/roseus/ros/rf_msgs/msg/Bearing.l
Symlinking /home/wcsng-robot/ipsn_ws/devel/share/roseus/ros/rf_msgs/msg/AccessPoints.l
Symlinking /home/wcsng-robot/ipsn_ws/devel/share/common-lisp/ros/rf_msgs/msg/_package.lisp
Symlinking /home/wcsng-robot/ipsn_ws/devel/share/common-lisp/ros/rf_msgs/msg/Bearing.lisp
Symlinking /home/wcsng-robot/ipsn_ws/devel/share/common-lisp/ros/rf_msgs/msg/rf_msgs-msg.asd
Symlinking /home/wcsng-robot/ipsn_ws/devel/share/common-lisp/ros/rf_msgs/msg/_package_Station.lisp
Symlinking /home/wcsng-robot/ipsn_ws/devel/share/common-lisp/ros/rf_msgs/msg/Station.lisp
Symlinking /home/wcsng-robot/ipsn_ws/devel/share/common-lisp/ros/rf_msgs/msg/_package_AccessPoints.lisp
Symlinking /home/wcsng-robot/ipsn_ws/devel/share/common-lisp/ros/rf_msgs/msg/AccessPoints.lisp
Symlinking /home/wcsng-robot/ipsn_ws/devel/share/common-lisp/ros/rf_msgs/msg/_package_Wifi.lisp
Symlinking /home/wcsng-robot/ipsn_ws/devel/share/common-lisp/ros/rf_msgs/msg/Wifi.lisp
Symlinking /home/wcsng-robot/ipsn_ws/devel/share/common-lisp/ros/rf_msgs/msg/_package_Bearing.lisp
Symlinking /home/wcsng-robot/ipsn_ws/devel/share/gennodejs/ros/rf_msgs/_index.js
Symlinking /home/wcsng-robot/ipsn_ws/devel/share/gennodejs/ros/rf_msgs/msg/Bearing.js
Symlinking /home/wcsng-robot/ipsn_ws/devel/share/gennodejs/ros/rf_msgs/msg/AccessPoints.js
Symlinking /home/wcsng-robot/ipsn_ws/devel/share/gennodejs/ros/rf_msgs/msg/Wifi.js
Symlinking /home/wcsng-robot/ipsn_ws/devel/share/gennodejs/ros/rf_msgs/msg/Station.js
Symlinking /home/wcsng-robot/ipsn_ws/devel/share/gennodejs/ros/rf_msgs/msg/_index.js
Symlinking /home/wcsng-robot/ipsn_ws/devel/share/rf_msgs/cmake/rf_msgs-msg-paths.cmake
Symlinking /home/wcsng-robot/ipsn_ws/devel/share/rf_msgs/cmake/rf_msgsConfig-version.cmake
Symlinking /home/wcsng-robot/ipsn_ws/devel/share/rf_msgs/cmake/rf_msgsConfig.cmake
Symlinking /home/wcsng-robot/ipsn_ws/devel/share/rf_msgs/cmake/rf_msgs-msg-extras.cmake
