Linked: (/home/wcsng-robot/ipsn_ws/devel/.private/rf_msgs/lib/pkgconfig/rf_msgs.pc, /home/wcsng-robot/ipsn_ws/devel/lib/pkgconfig/rf_msgs.pc)
Linked: (/home/wcsng-robot/ipsn_ws/devel/.private/rf_msgs/lib/python3/dist-packages/rf_msgs/__init__.py, /home/wcsng-robot/ipsn_ws/devel/lib/python3/dist-packages/rf_msgs/__init__.py)
Linked: (/home/wcsng-robot/ipsn_ws/devel/.private/rf_msgs/lib/python3/dist-packages/rf_msgs/msg/_Station.py, /home/wcsng-robot/ipsn_ws/devel/lib/python3/dist-packages/rf_msgs/msg/_Station.py)
Linked: (/home/wcsng-robot/ipsn_ws/devel/.private/rf_msgs/lib/python3/dist-packages/rf_msgs/msg/_Bearing.py, /home/wcsng-robot/ipsn_ws/devel/lib/python3/dist-packages/rf_msgs/msg/_Bearing.py)
Linked: (/home/wcsng-robot/ipsn_ws/devel/.private/rf_msgs/lib/python3/dist-packages/rf_msgs/msg/_Wifi.py, /home/wcsng-robot/ipsn_ws/devel/lib/python3/dist-packages/rf_msgs/msg/_Wifi.py)
Linked: (/home/wcsng-robot/ipsn_ws/devel/.private/rf_msgs/lib/python3/dist-packages/rf_msgs/msg/__init__.py, /home/wcsng-robot/ipsn_ws/devel/lib/python3/dist-packages/rf_msgs/msg/__init__.py)
Linked: (/home/wcsng-robot/ipsn_ws/devel/.private/rf_msgs/lib/python3/dist-packages/rf_msgs/msg/_AccessPoints.py, /home/wcsng-robot/ipsn_ws/devel/lib/python3/dist-packages/rf_msgs/msg/_AccessPoints.py)
Linked: (/home/wcsng-robot/ipsn_ws/devel/.private/rf_msgs/include/rf_msgs/Bearing.h, /home/wcsng-robot/ipsn_ws/devel/include/rf_msgs/Bearing.h)
Linked: (/home/wcsng-robot/ipsn_ws/devel/.private/rf_msgs/include/rf_msgs/Wifi.h, /home/wcsng-robot/ipsn_ws/devel/include/rf_msgs/Wifi.h)
Linked: (/home/wcsng-robot/ipsn_ws/devel/.private/rf_msgs/include/rf_msgs/Station.h, /home/wcsng-robot/ipsn_ws/devel/include/rf_msgs/Station.h)
Linked: (/home/wcsng-robot/ipsn_ws/devel/.private/rf_msgs/include/rf_msgs/AccessPoints.h, /home/wcsng-robot/ipsn_ws/devel/include/rf_msgs/AccessPoints.h)
Linked: (/home/wcsng-robot/ipsn_ws/devel/.private/rf_msgs/share/roseus/ros/rf_msgs/manifest.l, /home/wcsng-robot/ipsn_ws/devel/share/roseus/ros/rf_msgs/manifest.l)
Linked: (/home/wcsng-robot/ipsn_ws/devel/.private/rf_msgs/share/roseus/ros/rf_msgs/msg/Wifi.l, /home/wcsng-robot/ipsn_ws/devel/share/roseus/ros/rf_msgs/msg/Wifi.l)
Linked: (/home/wcsng-robot/ipsn_ws/devel/.private/rf_msgs/share/roseus/ros/rf_msgs/msg/Station.l, /home/wcsng-robot/ipsn_ws/devel/share/roseus/ros/rf_msgs/msg/Station.l)
Linked: (/home/wcsng-robot/ipsn_ws/devel/.private/rf_msgs/share/roseus/ros/rf_msgs/msg/Bearing.l, /home/wcsng-robot/ipsn_ws/devel/share/roseus/ros/rf_msgs/msg/Bearing.l)
Linked: (/home/wcsng-robot/ipsn_ws/devel/.private/rf_msgs/share/roseus/ros/rf_msgs/msg/AccessPoints.l, /home/wcsng-robot/ipsn_ws/devel/share/roseus/ros/rf_msgs/msg/AccessPoints.l)
Linked: (/home/wcsng-robot/ipsn_ws/devel/.private/rf_msgs/share/common-lisp/ros/rf_msgs/msg/_package.lisp, /home/wcsng-robot/ipsn_ws/devel/share/common-lisp/ros/rf_msgs/msg/_package.lisp)
Linked: (/home/wcsng-robot/ipsn_ws/devel/.private/rf_msgs/share/common-lisp/ros/rf_msgs/msg/Bearing.lisp, /home/wcsng-robot/ipsn_ws/devel/share/common-lisp/ros/rf_msgs/msg/Bearing.lisp)
Linked: (/home/wcsng-robot/ipsn_ws/devel/.private/rf_msgs/share/common-lisp/ros/rf_msgs/msg/rf_msgs-msg.asd, /home/wcsng-robot/ipsn_ws/devel/share/common-lisp/ros/rf_msgs/msg/rf_msgs-msg.asd)
Linked: (/home/wcsng-robot/ipsn_ws/devel/.private/rf_msgs/share/common-lisp/ros/rf_msgs/msg/_package_Station.lisp, /home/wcsng-robot/ipsn_ws/devel/share/common-lisp/ros/rf_msgs/msg/_package_Station.lisp)
Linked: (/home/wcsng-robot/ipsn_ws/devel/.private/rf_msgs/share/common-lisp/ros/rf_msgs/msg/Station.lisp, /home/wcsng-robot/ipsn_ws/devel/share/common-lisp/ros/rf_msgs/msg/Station.lisp)
Linked: (/home/wcsng-robot/ipsn_ws/devel/.private/rf_msgs/share/common-lisp/ros/rf_msgs/msg/_package_AccessPoints.lisp, /home/wcsng-robot/ipsn_ws/devel/share/common-lisp/ros/rf_msgs/msg/_package_AccessPoints.lisp)
Linked: (/home/wcsng-robot/ipsn_ws/devel/.private/rf_msgs/share/common-lisp/ros/rf_msgs/msg/AccessPoints.lisp, /home/wcsng-robot/ipsn_ws/devel/share/common-lisp/ros/rf_msgs/msg/AccessPoints.lisp)
Linked: (/home/wcsng-robot/ipsn_ws/devel/.private/rf_msgs/share/common-lisp/ros/rf_msgs/msg/_package_Wifi.lisp, /home/wcsng-robot/ipsn_ws/devel/share/common-lisp/ros/rf_msgs/msg/_package_Wifi.lisp)
Linked: (/home/wcsng-robot/ipsn_ws/devel/.private/rf_msgs/share/common-lisp/ros/rf_msgs/msg/Wifi.lisp, /home/wcsng-robot/ipsn_ws/devel/share/common-lisp/ros/rf_msgs/msg/Wifi.lisp)
Linked: (/home/wcsng-robot/ipsn_ws/devel/.private/rf_msgs/share/common-lisp/ros/rf_msgs/msg/_package_Bearing.lisp, /home/wcsng-robot/ipsn_ws/devel/share/common-lisp/ros/rf_msgs/msg/_package_Bearing.lisp)
Linked: (/home/wcsng-robot/ipsn_ws/devel/.private/rf_msgs/share/gennodejs/ros/rf_msgs/_index.js, /home/wcsng-robot/ipsn_ws/devel/share/gennodejs/ros/rf_msgs/_index.js)
Linked: (/home/wcsng-robot/ipsn_ws/devel/.private/rf_msgs/share/gennodejs/ros/rf_msgs/msg/Bearing.js, /home/wcsng-robot/ipsn_ws/devel/share/gennodejs/ros/rf_msgs/msg/Bearing.js)
Linked: (/home/wcsng-robot/ipsn_ws/devel/.private/rf_msgs/share/gennodejs/ros/rf_msgs/msg/AccessPoints.js, /home/wcsng-robot/ipsn_ws/devel/share/gennodejs/ros/rf_msgs/msg/AccessPoints.js)
Linked: (/home/wcsng-robot/ipsn_ws/devel/.private/rf_msgs/share/gennodejs/ros/rf_msgs/msg/Wifi.js, /home/wcsng-robot/ipsn_ws/devel/share/gennodejs/ros/rf_msgs/msg/Wifi.js)
Linked: (/home/wcsng-robot/ipsn_ws/devel/.private/rf_msgs/share/gennodejs/ros/rf_msgs/msg/Station.js, /home/wcsng-robot/ipsn_ws/devel/share/gennodejs/ros/rf_msgs/msg/Station.js)
Linked: (/home/wcsng-robot/ipsn_ws/devel/.private/rf_msgs/share/gennodejs/ros/rf_msgs/msg/_index.js, /home/wcsng-robot/ipsn_ws/devel/share/gennodejs/ros/rf_msgs/msg/_index.js)
Linked: (/home/wcsng-robot/ipsn_ws/devel/.private/rf_msgs/share/rf_msgs/cmake/rf_msgs-msg-paths.cmake, /home/wcsng-robot/ipsn_ws/devel/share/rf_msgs/cmake/rf_msgs-msg-paths.cmake)
Linked: (/home/wcsng-robot/ipsn_ws/devel/.private/rf_msgs/share/rf_msgs/cmake/rf_msgsConfig-version.cmake, /home/wcsng-robot/ipsn_ws/devel/share/rf_msgs/cmake/rf_msgsConfig-version.cmake)
Linked: (/home/wcsng-robot/ipsn_ws/devel/.private/rf_msgs/share/rf_msgs/cmake/rf_msgsConfig.cmake, /home/wcsng-robot/ipsn_ws/devel/share/rf_msgs/cmake/rf_msgsConfig.cmake)
Linked: (/home/wcsng-robot/ipsn_ws/devel/.private/rf_msgs/share/rf_msgs/cmake/rf_msgs-msg-extras.cmake, /home/wcsng-robot/ipsn_ws/devel/share/rf_msgs/cmake/rf_msgs-msg-extras.cmake)
